c:\users\zolty\onedrive\pulpit\laby pk3\lab1\x64\debug\vc143.pdb
c:\users\zolty\onedrive\pulpit\laby pk3\lab1\x64\debug\vc143.idb
c:\users\zolty\onedrive\pulpit\laby pk3\lab1\x64\debug\szablon.obj
c:\users\zolty\onedrive\pulpit\laby pk3\lab1\x64\debug\main.obj
c:\users\zolty\onedrive\pulpit\laby pk3\lab1\x64\debug\lab1.pdb
c:\users\zolty\onedrive\pulpit\laby pk3\lab1\x64\debug\lab1.tlog\cl.command.1.tlog
c:\users\zolty\onedrive\pulpit\laby pk3\lab1\x64\debug\lab1.tlog\cl.read.1.tlog
c:\users\zolty\onedrive\pulpit\laby pk3\lab1\x64\debug\lab1.tlog\cl.write.1.tlog
c:\users\zolty\onedrive\pulpit\laby pk3\lab1\x64\debug\lab1.tlog\link-cvtres.read.1.tlog
c:\users\zolty\onedrive\pulpit\laby pk3\lab1\x64\debug\lab1.tlog\link-cvtres.write.1.tlog
c:\users\zolty\onedrive\pulpit\laby pk3\lab1\x64\debug\lab1.tlog\link-rc.read.1.tlog
c:\users\zolty\onedrive\pulpit\laby pk3\lab1\x64\debug\lab1.tlog\link-rc.write.1.tlog
c:\users\zolty\onedrive\pulpit\laby pk3\lab1\x64\debug\lab1.tlog\link.20644-cvtres.read.1.tlog
c:\users\zolty\onedrive\pulpit\laby pk3\lab1\x64\debug\lab1.tlog\link.20644-cvtres.write.1.tlog
c:\users\zolty\onedrive\pulpit\laby pk3\lab1\x64\debug\lab1.tlog\link.20644-rc.read.1.tlog
c:\users\zolty\onedrive\pulpit\laby pk3\lab1\x64\debug\lab1.tlog\link.20644-rc.write.1.tlog
c:\users\zolty\onedrive\pulpit\laby pk3\lab1\x64\debug\lab1.tlog\link.20644.read.1.tlog
c:\users\zolty\onedrive\pulpit\laby pk3\lab1\x64\debug\lab1.tlog\link.20644.read.2.tlog
c:\users\zolty\onedrive\pulpit\laby pk3\lab1\x64\debug\lab1.tlog\link.20644.write.1.tlog
c:\users\zolty\onedrive\pulpit\laby pk3\lab1\x64\debug\lab1.tlog\link.command.1.tlog
c:\users\zolty\onedrive\pulpit\laby pk3\lab1\x64\debug\lab1.tlog\link.read.1.tlog
c:\users\zolty\onedrive\pulpit\laby pk3\lab1\x64\debug\lab1.tlog\link.read.2.tlog
c:\users\zolty\onedrive\pulpit\laby pk3\lab1\x64\debug\lab1.tlog\link.write.1.tlog
